Log file for fibonacci program

value : 5 => (RAM[0]=$01,RAM[1]=$01,RAM[2]=$02,RAM[3]=$03,RAM[4]=$05,RAM[5]=$08,RAM[6]=$0d)
file  : factorial.asm

_______________________________________________________________________________________________
     |	  result table - RAM[$0000 - $0009]       | IR	  PC-lo	    |                    |     |
Clock| [$00,$01,$02,$03,$04,$05,$06,$07,$08,$09]  |   PC-hi     CAR |   Acc X   Y   SP   |  P  |          
_____|____________________________________________|_ _______________|____________________|_____|

BRK
1		00	00	00	00	00	00	00	00	00	00		00	00	00	00		00	00	00	00		20
0		00	00	00	00	00	00	00	00	00	00		00	00	00	01		00	00	00	00		20
1		00	00	00	00	00	00	00	00	00	00		00	00	00	01		00	00	00	00		20
0		00	00	00	00	00	00	00	00	00	00		00	00	00	02		00	00	00	ff		20
1		00	00	00	00	00	00	00	00	00	00		00	00	00	02		00	00	00	ff		20
0		00	00	00	00	00	00	00	00	00	00		00	00	00	03		00	00	00	ff		20
1		00	00	00	00	00	00	00	00	00	00		00	00	00	03		00	00	00	ff		20
0		00	00	00	00	00	00	00	00	00	00		00	00	00	04		00	00	00	fe		20
1		00	00	00	00	00	00	00	00	00	00		00	00	00	04		00	00	00	fe		30
0		00	00	00	00	00	00	00	00	00	00		00	00	00	05		00	00	00	fe		30
1		00	00	00	00	00	00	00	00	00	00		00	00	00	05		00	00	00	fe		20
0		00	00	00	00	00	00	00	00	00	00		00	00	00	06		00	00	00	fd		20
1		00	00	00	00	00	00	00	00	00	00		00	00	00	06		00	00	00	fd		20
0		00	00	00	00	00	00	00	00	00	00		00	00	00	07		00	00	00	fd		20
1		00	00	00	00	00	00	00	00	00	00		00	00	00	07		00	00	00	fd		20
0		00	00	00	00	00	00	00	00	00	00		00	00	00	08		00	00	00	fd		20
1		00	00	00	00	00	00	00	00	00	00		00	00	00	08		00	00	00	fd		20
0		00	00	00	00	00	00	00	00	00	00		00	00	00	09		00	00	00	fd		20
1		00	00	00	00	00	00	00	00	00	00		00	00	00	09		00	00	00	fd		20
0		00	00	00	00	00	00	00	00	00	00		00	00	00	0a		00	00	00	fd		20
1		00	00	00	00	00	00	00	00	00	00		00	00	00	0a		00	00	00	fd		20
0		00	00	00	00	00	00	00	00	00	00		00	00	00	0b		00	00	00	fd		20
1		00	00	00	00	00	00	00	00	00	00		00	00	00	0b		00	00	00	fd		20
0		00	00	00	00	00	00	00	00	00	00		00	00	00	0c		00	00	00	fd		20
1		00	00	00	00	00	00	00	00	00	00		00	00	00	0c		00	00	00	fd		30
0		00	00	00	00	00	00	00	00	00	00		00	00	00	0d		00	00	00	fd		34
1		00	00	00	00	00	00	00	00	00	00		00	00	00	0d		00	00	00	fd		24
PLP
0		00	00	00	00	00	00	00	00	00	00		00	80	00	10		00	00	00	fd		24
1		00	00	00	00	00	00	00	00	00	00		00	80	00	10		00	00	00	fd		24
0		00	00	00	00	00	00	00	00	00	00		00	80	00	11		00	00	00	fd		24
1		00	00	00	00	00	00	00	00	00	00		00	80	00	11		00	00	00	fd		24
0		00	00	00	00	00	00	00	00	00	00		28	80	01	12		00	00	00	fd		24
1		00	00	00	00	00	00	00	00	00	00		28	80	01	12		00	00	00	fd		24
0		00	00	00	00	00	00	00	00	00	00		28	80	01	14		00	00	00	fd		24
1		00	00	00	00	00	00	00	00	00	00		28	80	01	14		00	00	00	fd		24
0		00	00	00	00	00	00	00	00	00	00		28	80	01	98		00	00	00	fd		24
1		00	00	00	00	00	00	00	00	00	00		28	80	01	98		00	00	00	fd		24
0		00	00	00	00	00	00	00	00	00	00		28	80	01	99		00	00	00	fe		24
1		00	00	00	00	00	00	00	00	00	00		28	80	01	99		00	00	00	fe		24
0		00	00	00	00	00	00	00	00	00	00		28	80	01	9a		00	00	00	fe		24
1		00	00	00	00	00	00	00	00	00	00		28	80	01	9a		00	00	00	fe		24
PLP
0		00	00	00	00	00	00	00	00	00	00		28	80	01	10		00	00	00	fe		20
1		00	00	00	00	00	00	00	00	00	00		28	80	01	10		00	00	00	fe		20
0		00	00	00	00	00	00	00	00	00	00		28	80	01	11		00	00	00	fe		20
1		00	00	00	00	00	00	00	00	00	00		28	80	01	11		00	00	00	fe		20
0		00	00	00	00	00	00	00	00	00	00		28	80	02	12		00	00	00	fe		20
1		00	00	00	00	00	00	00	00	00	00		28	80	02	12		00	00	00	fe		20
0		00	00	00	00	00	00	00	00	00	00		28	80	02	14		00	00	00	fe		20
1		00	00	00	00	00	00	00	00	00	00		28	80	02	14		00	00	00	fe		20
0		00	00	00	00	00	00	00	00	00	00		28	80	02	98		00	00	00	fe		20
1		00	00	00	00	00	00	00	00	00	00		28	80	02	98		00	00	00	fe		20
0		00	00	00	00	00	00	00	00	00	00		28	80	02	99		00	00	00	ff		20
1		00	00	00	00	00	00	00	00	00	00		28	80	02	99		00	00	00	ff		20
0		00	00	00	00	00	00	00	00	00	00		28	80	02	9a		00	00	00	ff		20
1		00	00	00	00	00	00	00	00	00	00		28	80	02	9a		00	00	00	ff		20
LDA #$05
0		00	00	00	00	00	00	00	00	00	00		28	80	02	10		00	00	00	ff		20
1		00	00	00	00	00	00	00	00	00	00		28	80	02	10		00	00	00	ff		20
0		00	00	00	00	00	00	00	00	00	00		28	80	02	11		00	00	00	ff		20
1		00	00	00	00	00	00	00	00	00	00		28	80	02	11		00	00	00	ff		20
0		00	00	00	00	00	00	00	00	00	00		a9	80	03	12		00	00	00	ff		20
1		00	00	00	00	00	00	00	00	00	00		a9	80	03	12		00	00	00	ff		20
0		00	00	00	00	00	00	00	00	00	00		a9	80	03	15		00	00	00	ff		20
1		00	00	00	00	00	00	00	00	00	00		a9	80	03	15		00	00	00	ff		20
0		00	00	00	00	00	00	00	00	00	00		a9	80	04	56		00	00	00	ff		20
1		00	00	00	00	00	00	00	00	00	00		a9	80	04	56		00	00	00	ff		20
TAY
0		00	00	00	00	00	00	00	00	00	00		a9	80	04	10		05	00	00	ff		20
1		00	00	00	00	00	00	00	00	00	00		a9	80	04	10		05	00	00	ff		20
0		00	00	00	00	00	00	00	00	00	00		a9	80	04	11		05	00	00	ff		20
1		00	00	00	00	00	00	00	00	00	00		a9	80	04	11		05	00	00	ff		20
0		00	00	00	00	00	00	00	00	00	00		a8	80	05	12		05	00	00	ff		20
1		00	00	00	00	00	00	00	00	00	00		a8	80	05	12		05	00	00	ff		20
0		00	00	00	00	00	00	00	00	00	00		a8	80	05	14		05	00	00	ff		20
1		00	00	00	00	00	00	00	00	00	00		a8	80	05	14		05	00	00	ff		20
0		00	00	00	00	00	00	00	00	00	00		a8	80	05	83		05	00	00	ff		20
1		00	00	00	00	00	00	00	00	00	00		a8	80	05	83		05	00	00	ff		20
LDA #$01
0		00	00	00	00	00	00	00	00	00	00		a8	80	05	10		05	00	05	ff		20
1		00	00	00	00	00	00	00	00	00	00		a8	80	05	10		05	00	05	ff		20
0		00	00	00	00	00	00	00	00	00	00		a8	80	05	11		05	00	05	ff		20
1		00	00	00	00	00	00	00	00	00	00		a8	80	05	11		05	00	05	ff		20
0		00	00	00	00	00	00	00	00	00	00		a9	80	06	12		05	00	05	ff		20
1		00	00	00	00	00	00	00	00	00	00		a9	80	06	12		05	00	05	ff		20
0		00	00	00	00	00	00	00	00	00	00		a9	80	06	15		05	00	05	ff		20
1		00	00	00	00	00	00	00	00	00	00		a9	80	06	15		05	00	05	ff		20
0		00	00	00	00	00	00	00	00	00	00		a9	80	07	56		05	00	05	ff		20
1		00	00	00	00	00	00	00	00	00	00		a9	80	07	56		05	00	05	ff		20
STA $00
0		00	00	00	00	00	00	00	00	00	00		a9	80	07	10		01	00	05	ff		20
1		00	00	00	00	00	00	00	00	00	00		a9	80	07	10		01	00	05	ff		20
0		00	00	00	00	00	00	00	00	00	00		a9	80	07	11		01	00	05	ff		20
1		00	00	00	00	00	00	00	00	00	00		a9	80	07	11		01	00	05	ff		20
0		00	00	00	00	00	00	00	00	00	00		85	80	08	12		01	00	05	ff		20
1		00	00	00	00	00	00	00	00	00	00		85	80	08	12		01	00	05	ff		20
0		00	00	00	00	00	00	00	00	00	00		85	80	08	16		01	00	05	ff		20
1		00	00	00	00	00	00	00	00	00	00		85	80	08	16		01	00	05	ff		20
0		00	00	00	00	00	00	00	00	00	00		85	80	09	17		01	00	05	ff		20
1		00	00	00	00	00	00	00	00	00	00		85	80	09	17		01	00	05	ff		20
0		00	00	00	00	00	00	00	00	00	00		85	80	09	18		01	00	05	ff		20
1		00	00	00	00	00	00	00	00	00	00		85	80	09	18		01	00	05	ff		20
0		00	00	00	00	00	00	00	00	00	00		85	80	09	54		01	00	05	ff		20
1		00	00	00	00	00	00	00	00	00	00		85	80	09	54		01	00	05	ff		20
0		00	00	00	00	00	00	00	00	00	00		85	80	09	55		01	00	05	ff		20
1		01	00	00	00	00	00	00	00	00	00		85	80	09	55		01	00	05	ff		20
STA $01
0		01	00	00	00	00	00	00	00	00	00		85	80	09	10		01	00	05	ff		20
1		01	00	00	00	00	00	00	00	00	00		85	80	09	10		01	00	05	ff		20
0		01	00	00	00	00	00	00	00	00	00		85	80	09	11		01	00	05	ff		20
1		01	00	00	00	00	00	00	00	00	00		85	80	09	11		01	00	05	ff		20
0		01	00	00	00	00	00	00	00	00	00		85	80	0a	12		01	00	05	ff		20
1		01	00	00	00	00	00	00	00	00	00		85	80	0a	12		01	00	05	ff		20
0		01	00	00	00	00	00	00	00	00	00		85	80	0a	16		01	00	05	ff		20
1		01	00	00	00	00	00	00	00	00	00		85	80	0a	16		01	00	05	ff		20
0		01	00	00	00	00	00	00	00	00	00		85	80	0b	17		01	00	05	ff		20
1		01	00	00	00	00	00	00	00	00	00		85	80	0b	17		01	00	05	ff		20
0		01	00	00	00	00	00	00	00	00	00		85	80	0b	18		01	00	05	ff		20
1		01	00	00	00	00	00	00	00	00	00		85	80	0b	18		01	00	05	ff		20
0		01	00	00	00	00	00	00	00	00	00		85	80	0b	54		01	00	05	ff		20
1		01	00	00	00	00	00	00	00	00	00		85	80	0b	54		01	00	05	ff		20
0		01	00	00	00	00	00	00	00	00	00		85	80	0b	55		01	00	05	ff		20
1		01	01	00	00	00	00	00	00	00	00		85	80	0b	55		01	00	05	ff		20
LDX #$00
0		01	01	00	00	00	00	00	00	00	00		85	80	0b	10		01	00	05	ff		20
1		01	01	00	00	00	00	00	00	00	00		85	80	0b	10		01	00	05	ff		20
0		01	01	00	00	00	00	00	00	00	00		85	80	0b	11		01	00	05	ff		20
1		01	01	00	00	00	00	00	00	00	00		85	80	0b	11		01	00	05	ff		20
0		01	01	00	00	00	00	00	00	00	00		a2	80	0c	12		01	00	05	ff		20
1		01	01	00	00	00	00	00	00	00	00		a2	80	0c	12		01	00	05	ff		20
0		01	01	00	00	00	00	00	00	00	00		a2	80	0c	15		01	00	05	ff		20
1		01	01	00	00	00	00	00	00	00	00		a2	80	0c	15		01	00	05	ff		20
0		01	01	00	00	00	00	00	00	00	00		a2	80	0d	6d		01	00	05	ff		20
1		01	01	00	00	00	00	00	00	00	00		a2	80	0d	6d		01	00	05	ff		20
DEY
0		01	01	00	00	00	00	00	00	00	00		a2	80	0d	10		01	00	05	ff		22
1		01	01	00	00	00	00	00	00	00	00		a2	80	0d	10		01	00	05	ff		22
0		01	01	00	00	00	00	00	00	00	00		a2	80	0d	11		01	00	05	ff		22
1		01	01	00	00	00	00	00	00	00	00		a2	80	0d	11		01	00	05	ff		22
0		01	01	00	00	00	00	00	00	00	00		88	80	0e	12		01	00	05	ff		22
1		01	01	00	00	00	00	00	00	00	00		88	80	0e	12		01	00	05	ff		22
0		01	01	00	00	00	00	00	00	00	00		88	80	0e	14		01	00	05	ff		22
1		01	01	00	00	00	00	00	00	00	00		88	80	0e	14		01	00	05	ff		22
0		01	01	00	00	00	00	00	00	00	00		88	80	0e	87		01	00	05	ff		22
1		01	01	00	00	00	00	00	00	00	00		88	80	0e	87		01	00	05	ff		22
LDA $00,X
0		01	01	00	00	00	00	00	00	00	00		88	80	0e	10		01	00	04	ff		20
1		01	01	00	00	00	00	00	00	00	00		88	80	0e	10		01	00	04	ff		20
0		01	01	00	00	00	00	00	00	00	00		88	80	0e	11		01	00	04	ff		20
1		01	01	00	00	00	00	00	00	00	00		88	80	0e	11		01	00	04	ff		20
0		01	01	00	00	00	00	00	00	00	00		b5	80	0f	12		01	00	04	ff		20
1		01	01	00	00	00	00	00	00	00	00		b5	80	0f	12		01	00	04	ff		20
0		01	01	00	00	00	00	00	00	00	00		b5	80	0f	19		01	00	04	ff		20
1		01	01	00	00	00	00	00	00	00	00		b5	80	0f	19		01	00	04	ff		20
0		01	01	00	00	00	00	00	00	00	00		b5	80	10	1a		01	00	04	ff		20
1		01	01	00	00	00	00	00	00	00	00		b5	80	10	1a		01	00	04	ff		20
0		01	01	00	00	00	00	00	00	00	00		b5	80	10	1b		00	00	04	ff		20
1		01	01	00	00	00	00	00	00	00	00		b5	80	10	1b		00	00	04	ff		20
0		01	01	00	00	00	00	00	00	00	00		b5	80	10	1c		00	00	04	ff		20
1		01	01	00	00	00	00	00	00	00	00		b5	80	10	1c		00	00	04	ff		20
0		01	01	00	00	00	00	00	00	00	00		b5	80	10	56		01	00	04	ff		20
1		01	01	00	00	00	00	00	00	00	00		b5	80	10	56		01	00	04	ff		20
CLC
0		01	01	00	00	00	00	00	00	00	00		b5	80	10	10		01	00	04	ff		20
1		01	01	00	00	00	00	00	00	00	00		b5	80	10	10		01	00	04	ff		20
0		01	01	00	00	00	00	00	00	00	00		b5	80	10	11		01	00	04	ff		20
1		01	01	00	00	00	00	00	00	00	00		b5	80	10	11		01	00	04	ff		20
0		01	01	00	00	00	00	00	00	00	00		18	80	11	12		01	00	04	ff		20
1		01	01	00	00	00	00	00	00	00	00		18	80	11	12		01	00	04	ff		20
0		01	01	00	00	00	00	00	00	00	00		18	80	11	14		01	00	04	ff		20
1		01	01	00	00	00	00	00	00	00	00		18	80	11	14		01	00	04	ff		20
0		01	01	00	00	00	00	00	00	00	00		18	80	11	96		01	00	04	ff		20
1		01	01	00	00	00	00	00	00	00	00		18	80	11	96		01	00	04	ff		20
ADC $01,X
0		01	01	00	00	00	00	00	00	00	00		18	80	11	10		01	00	04	ff		20
1		01	01	00	00	00	00	00	00	00	00		18	80	11	10		01	00	04	ff		20
0		01	01	00	00	00	00	00	00	00	00		18	80	11	11		01	00	04	ff		20
1		01	01	00	00	00	00	00	00	00	00		18	80	11	11		01	00	04	ff		20
0		01	01	00	00	00	00	00	00	00	00		75	80	12	12		01	00	04	ff		20
1		01	01	00	00	00	00	00	00	00	00		75	80	12	12		01	00	04	ff		20
0		01	01	00	00	00	00	00	00	00	00		75	80	12	19		01	00	04	ff		20
1		01	01	00	00	00	00	00	00	00	00		75	80	12	19		01	00	04	ff		20
0		01	01	00	00	00	00	00	00	00	00		75	80	13	1a		01	00	04	ff		20
1		01	01	00	00	00	00	00	00	00	00		75	80	13	1a		01	00	04	ff		20
0		01	01	00	00	00	00	00	00	00	00		75	80	13	1b		01	00	04	ff		20
1		01	01	00	00	00	00	00	00	00	00		75	80	13	1b		01	00	04	ff		20
0		01	01	00	00	00	00	00	00	00	00		75	80	13	1c		01	00	04	ff		20
1		01	01	00	00	00	00	00	00	00	00		75	80	13	1c		01	00	04	ff		20
0		01	01	00	00	00	00	00	00	00	00		75	80	13	53		01	00	04	ff		20
1		01	01	00	00	00	00	00	00	00	00		75	80	13	53		01	00	04	ff		20
STA $02,X
0		01	01	00	00	00	00	00	00	00	00		75	80	13	10		02	00	04	ff		20
1		01	01	00	00	00	00	00	00	00	00		75	80	13	10		02	00	04	ff		20
0		01	01	00	00	00	00	00	00	00	00		75	80	13	11		02	00	04	ff		20
1		01	01	00	00	00	00	00	00	00	00		75	80	13	11		02	00	04	ff		20
0		01	01	00	00	00	00	00	00	00	00		95	80	14	12		02	00	04	ff		20
1		01	01	00	00	00	00	00	00	00	00		95	80	14	12		02	00	04	ff		20
0		01	01	00	00	00	00	00	00	00	00		95	80	14	19		02	00	04	ff		20
1		01	01	00	00	00	00	00	00	00	00		95	80	14	19		02	00	04	ff		20
0		01	01	00	00	00	00	00	00	00	00		95	80	15	1a		02	00	04	ff		20
1		01	01	00	00	00	00	00	00	00	00		95	80	15	1a		02	00	04	ff		20
0		01	01	00	00	00	00	00	00	00	00		95	80	15	1b		02	00	04	ff		20
1		01	01	00	00	00	00	00	00	00	00		95	80	15	1b		02	00	04	ff		20
0		01	01	00	00	00	00	00	00	00	00		95	80	15	1c		02	00	04	ff		20
1		01	01	00	00	00	00	00	00	00	00		95	80	15	1c		02	00	04	ff		20
0		01	01	00	00	00	00	00	00	00	00		95	80	15	54		02	00	04	ff		20
1		01	01	00	00	00	00	00	00	00	00		95	80	15	54		02	00	04	ff		20
0		01	01	00	00	00	00	00	00	00	00		95	80	15	55		02	00	04	ff		20
1		01	01	02	00	00	00	00	00	00	00		95	80	15	55		02	00	04	ff		20
INX
0		01	01	02	00	00	00	00	00	00	00		95	80	15	10		02	00	04	ff		20
1		01	01	02	00	00	00	00	00	00	00		95	80	15	10		02	00	04	ff		20
0		01	01	02	00	00	00	00	00	00	00		95	80	15	11		02	00	04	ff		20
1		01	01	02	00	00	00	00	00	00	00		95	80	15	11		02	00	04	ff		20
0		01	01	02	00	00	00	00	00	00	00		e8	80	16	12		02	00	04	ff		20
1		01	01	02	00	00	00	00	00	00	00		e8	80	16	12		02	00	04	ff		20
0		01	01	02	00	00	00	00	00	00	00		e8	80	16	14		02	00	04	ff		20
1		01	01	02	00	00	00	00	00	00	00		e8	80	16	14		02	00	04	ff		20
0		01	01	02	00	00	00	00	00	00	00		e8	80	16	7a		02	00	04	ff		20
1		01	01	02	00	00	00	00	00	00	00		e8	80	16	7a		02	00	04	ff		20
DEY
0		01	01	02	00	00	00	00	00	00	00		e8	80	16	10		02	01	04	ff		20
1		01	01	02	00	00	00	00	00	00	00		e8	80	16	10		02	01	04	ff		20
0		01	01	02	00	00	00	00	00	00	00		e8	80	16	11		02	01	04	ff		20
1		01	01	02	00	00	00	00	00	00	00		e8	80	16	11		02	01	04	ff		20
0		01	01	02	00	00	00	00	00	00	00		88	80	17	12		02	01	04	ff		20
1		01	01	02	00	00	00	00	00	00	00		88	80	17	12		02	01	04	ff		20
0		01	01	02	00	00	00	00	00	00	00		88	80	17	14		02	01	04	ff		20
1		01	01	02	00	00	00	00	00	00	00		88	80	17	14		02	01	04	ff		20
0		01	01	02	00	00	00	00	00	00	00		88	80	17	87		02	01	04	ff		20
1		01	01	02	00	00	00	00	00	00	00		88	80	17	87		02	01	04	ff		20
TYA
0		01	01	02	00	00	00	00	00	00	00		88	80	17	10		02	01	03	ff		20
1		01	01	02	00	00	00	00	00	00	00		88	80	17	10		02	01	03	ff		20
0		01	01	02	00	00	00	00	00	00	00		88	80	17	11		02	01	03	ff		20
1		01	01	02	00	00	00	00	00	00	00		88	80	17	11		02	01	03	ff		20
0		01	01	02	00	00	00	00	00	00	00		98	80	18	12		02	01	03	ff		20
1		01	01	02	00	00	00	00	00	00	00		98	80	18	12		02	01	03	ff		20
0		01	01	02	00	00	00	00	00	00	00		98	80	18	14		02	01	03	ff		20
1		01	01	02	00	00	00	00	00	00	00		98	80	18	14		02	01	03	ff		20
0		01	01	02	00	00	00	00	00	00	00		98	80	18	88		02	01	03	ff		20
1		01	01	02	00	00	00	00	00	00	00		98	80	18	88		02	01	03	ff		20
BPL $800e
0		01	01	02	00	00	00	00	00	00	00		98	80	18	10		03	01	03	ff		20
1		01	01	02	00	00	00	00	00	00	00		98	80	18	10		03	01	03	ff		20
0		01	01	02	00	00	00	00	00	00	00		98	80	18	11		03	01	03	ff		20
1		01	01	02	00	00	00	00	00	00	00		98	80	18	11		03	01	03	ff		20
0		01	01	02	00	00	00	00	00	00	00		10	80	19	12		03	01	03	ff		20
1		01	01	02	00	00	00	00	00	00	00		10	80	19	12		03	01	03	ff		20
0		01	01	02	00	00	00	00	00	00	00		10	80	19	21		03	01	03	ff		20
1		01	01	02	00	00	00	00	00	00	00		10	80	19	21		03	01	03	ff		20
0		01	01	02	00	00	00	00	00	00	00		10	80	1a	22		03	01	03	ff		20
1		01	01	02	00	00	00	00	00	00	00		10	80	1a	22		03	01	03	ff		20
0		01	01	02	00	00	00	00	00	00	00		10	80	1a	23		1a	01	03	ff		20
1		01	01	02	00	00	00	00	00	00	00		10	80	1a	23		1a	01	03	ff		20
0		01	01	02	00	00	00	00	00	00	00		10	80	0e	24		1a	01	03	ff		20
1		01	01	02	00	00	00	00	00	00	00		10	80	0e	24		1a	01	03	ff		20
LDA $00,X
0		01	01	02	00	00	00	00	00	00	00		10	80	0e	10		03	01	03	ff		20
1		01	01	02	00	00	00	00	00	00	00		10	80	0e	10		03	01	03	ff		20
0		01	01	02	00	00	00	00	00	00	00		10	80	0e	11		03	01	03	ff		20
1		01	01	02	00	00	00	00	00	00	00		10	80	0e	11		03	01	03	ff		20
0		01	01	02	00	00	00	00	00	00	00		b5	80	0f	12		03	01	03	ff		20
1		01	01	02	00	00	00	00	00	00	00		b5	80	0f	12		03	01	03	ff		20
0		01	01	02	00	00	00	00	00	00	00		b5	80	0f	19		03	01	03	ff		20
1		01	01	02	00	00	00	00	00	00	00		b5	80	0f	19		03	01	03	ff		20
0		01	01	02	00	00	00	00	00	00	00		b5	80	10	1a		03	01	03	ff		20
1		01	01	02	00	00	00	00	00	00	00		b5	80	10	1a		03	01	03	ff		20
0		01	01	02	00	00	00	00	00	00	00		b5	80	10	1b		00	01	03	ff		20
1		01	01	02	00	00	00	00	00	00	00		b5	80	10	1b		00	01	03	ff		20
0		01	01	02	00	00	00	00	00	00	00		b5	80	10	1c		00	01	03	ff		20
1		01	01	02	00	00	00	00	00	00	00		b5	80	10	1c		00	01	03	ff		20
0		01	01	02	00	00	00	00	00	00	00		b5	80	10	56		03	01	03	ff		20
1		01	01	02	00	00	00	00	00	00	00		b5	80	10	56		03	01	03	ff		20
CLC
0		01	01	02	00	00	00	00	00	00	00		b5	80	10	10		01	01	03	ff		20
1		01	01	02	00	00	00	00	00	00	00		b5	80	10	10		01	01	03	ff		20
0		01	01	02	00	00	00	00	00	00	00		b5	80	10	11		01	01	03	ff		20
1		01	01	02	00	00	00	00	00	00	00		b5	80	10	11		01	01	03	ff		20
0		01	01	02	00	00	00	00	00	00	00		18	80	11	12		01	01	03	ff		20
1		01	01	02	00	00	00	00	00	00	00		18	80	11	12		01	01	03	ff		20
0		01	01	02	00	00	00	00	00	00	00		18	80	11	14		01	01	03	ff		20
1		01	01	02	00	00	00	00	00	00	00		18	80	11	14		01	01	03	ff		20
0		01	01	02	00	00	00	00	00	00	00		18	80	11	96		01	01	03	ff		20
1		01	01	02	00	00	00	00	00	00	00		18	80	11	96		01	01	03	ff		20
ADC $01,X
0		01	01	02	00	00	00	00	00	00	00		18	80	11	10		01	01	03	ff		20
1		01	01	02	00	00	00	00	00	00	00		18	80	11	10		01	01	03	ff		20
0		01	01	02	00	00	00	00	00	00	00		18	80	11	11		01	01	03	ff		20
1		01	01	02	00	00	00	00	00	00	00		18	80	11	11		01	01	03	ff		20
0		01	01	02	00	00	00	00	00	00	00		75	80	12	12		01	01	03	ff		20
1		01	01	02	00	00	00	00	00	00	00		75	80	12	12		01	01	03	ff		20
0		01	01	02	00	00	00	00	00	00	00		75	80	12	19		01	01	03	ff		20
1		01	01	02	00	00	00	00	00	00	00		75	80	12	19		01	01	03	ff		20
0		01	01	02	00	00	00	00	00	00	00		75	80	13	1a		01	01	03	ff		20
1		01	01	02	00	00	00	00	00	00	00		75	80	13	1a		01	01	03	ff		20
0		01	01	02	00	00	00	00	00	00	00		75	80	13	1b		01	01	03	ff		20
1		01	01	02	00	00	00	00	00	00	00		75	80	13	1b		01	01	03	ff		20
0		01	01	02	00	00	00	00	00	00	00		75	80	13	1c		01	01	03	ff		20
1		01	01	02	00	00	00	00	00	00	00		75	80	13	1c		01	01	03	ff		20
0		01	01	02	00	00	00	00	00	00	00		75	80	13	53		01	01	03	ff		20
1		01	01	02	00	00	00	00	00	00	00		75	80	13	53		01	01	03	ff		20
STA $02,X
0		01	01	02	00	00	00	00	00	00	00		75	80	13	10		03	01	03	ff		20
1		01	01	02	00	00	00	00	00	00	00		75	80	13	10		03	01	03	ff		20
0		01	01	02	00	00	00	00	00	00	00		75	80	13	11		03	01	03	ff		20
1		01	01	02	00	00	00	00	00	00	00		75	80	13	11		03	01	03	ff		20
0		01	01	02	00	00	00	00	00	00	00		95	80	14	12		03	01	03	ff		20
1		01	01	02	00	00	00	00	00	00	00		95	80	14	12		03	01	03	ff		20
0		01	01	02	00	00	00	00	00	00	00		95	80	14	19		03	01	03	ff		20
1		01	01	02	00	00	00	00	00	00	00		95	80	14	19		03	01	03	ff		20
0		01	01	02	00	00	00	00	00	00	00		95	80	15	1a		03	01	03	ff		20
1		01	01	02	00	00	00	00	00	00	00		95	80	15	1a		03	01	03	ff		20
0		01	01	02	00	00	00	00	00	00	00		95	80	15	1b		02	01	03	ff		20
1		01	01	02	00	00	00	00	00	00	00		95	80	15	1b		02	01	03	ff		20
0		01	01	02	00	00	00	00	00	00	00		95	80	15	1c		02	01	03	ff		20
1		01	01	02	00	00	00	00	00	00	00		95	80	15	1c		02	01	03	ff		20
0		01	01	02	00	00	00	00	00	00	00		95	80	15	54		03	01	03	ff		20
1		01	01	02	00	00	00	00	00	00	00		95	80	15	54		03	01	03	ff		20
0		01	01	02	00	00	00	00	00	00	00		95	80	15	55		03	01	03	ff		20
1		01	01	02	03	00	00	00	00	00	00		95	80	15	55		03	01	03	ff		20
INX
0		01	01	02	03	00	00	00	00	00	00		95	80	15	10		03	01	03	ff		20
1		01	01	02	03	00	00	00	00	00	00		95	80	15	10		03	01	03	ff		20
0		01	01	02	03	00	00	00	00	00	00		95	80	15	11		03	01	03	ff		20
1		01	01	02	03	00	00	00	00	00	00		95	80	15	11		03	01	03	ff		20
0		01	01	02	03	00	00	00	00	00	00		e8	80	16	12		03	01	03	ff		20
1		01	01	02	03	00	00	00	00	00	00		e8	80	16	12		03	01	03	ff		20
0		01	01	02	03	00	00	00	00	00	00		e8	80	16	14		03	01	03	ff		20
1		01	01	02	03	00	00	00	00	00	00		e8	80	16	14		03	01	03	ff		20
0		01	01	02	03	00	00	00	00	00	00		e8	80	16	7a		03	01	03	ff		20
1		01	01	02	03	00	00	00	00	00	00		e8	80	16	7a		03	01	03	ff		20
DEY
0		01	01	02	03	00	00	00	00	00	00		e8	80	16	10		03	02	03	ff		20
1		01	01	02	03	00	00	00	00	00	00		e8	80	16	10		03	02	03	ff		20
0		01	01	02	03	00	00	00	00	00	00		e8	80	16	11		03	02	03	ff		20
1		01	01	02	03	00	00	00	00	00	00		e8	80	16	11		03	02	03	ff		20
0		01	01	02	03	00	00	00	00	00	00		88	80	17	12		03	02	03	ff		20
1		01	01	02	03	00	00	00	00	00	00		88	80	17	12		03	02	03	ff		20
0		01	01	02	03	00	00	00	00	00	00		88	80	17	14		03	02	03	ff		20
1		01	01	02	03	00	00	00	00	00	00		88	80	17	14		03	02	03	ff		20
0		01	01	02	03	00	00	00	00	00	00		88	80	17	87		03	02	03	ff		20
1		01	01	02	03	00	00	00	00	00	00		88	80	17	87		03	02	03	ff		20
TYA
0		01	01	02	03	00	00	00	00	00	00		88	80	17	10		03	02	02	ff		20
1		01	01	02	03	00	00	00	00	00	00		88	80	17	10		03	02	02	ff		20
0		01	01	02	03	00	00	00	00	00	00		88	80	17	11		03	02	02	ff		20
1		01	01	02	03	00	00	00	00	00	00		88	80	17	11		03	02	02	ff		20
0		01	01	02	03	00	00	00	00	00	00		98	80	18	12		03	02	02	ff		20
1		01	01	02	03	00	00	00	00	00	00		98	80	18	12		03	02	02	ff		20
0		01	01	02	03	00	00	00	00	00	00		98	80	18	14		03	02	02	ff		20
1		01	01	02	03	00	00	00	00	00	00		98	80	18	14		03	02	02	ff		20
0		01	01	02	03	00	00	00	00	00	00		98	80	18	88		03	02	02	ff		20
1		01	01	02	03	00	00	00	00	00	00		98	80	18	88		03	02	02	ff		20
BPL $800e
0		01	01	02	03	00	00	00	00	00	00		98	80	18	10		02	02	02	ff		20
1		01	01	02	03	00	00	00	00	00	00		98	80	18	10		02	02	02	ff		20
0		01	01	02	03	00	00	00	00	00	00		98	80	18	11		02	02	02	ff		20
1		01	01	02	03	00	00	00	00	00	00		98	80	18	11		02	02	02	ff		20
0		01	01	02	03	00	00	00	00	00	00		10	80	19	12		02	02	02	ff		20
1		01	01	02	03	00	00	00	00	00	00		10	80	19	12		02	02	02	ff		20
0		01	01	02	03	00	00	00	00	00	00		10	80	19	21		02	02	02	ff		20
1		01	01	02	03	00	00	00	00	00	00		10	80	19	21		02	02	02	ff		20
0		01	01	02	03	00	00	00	00	00	00		10	80	1a	22		02	02	02	ff		20
1		01	01	02	03	00	00	00	00	00	00		10	80	1a	22		02	02	02	ff		20
0		01	01	02	03	00	00	00	00	00	00		10	80	1a	23		1a	02	02	ff		20
1		01	01	02	03	00	00	00	00	00	00		10	80	1a	23		1a	02	02	ff		20
0		01	01	02	03	00	00	00	00	00	00		10	80	0e	24		1a	02	02	ff		20
1		01	01	02	03	00	00	00	00	00	00		10	80	0e	24		1a	02	02	ff		20
LDA $00,X
0		01	01	02	03	00	00	00	00	00	00		10	80	0e	10		02	02	02	ff		20
1		01	01	02	03	00	00	00	00	00	00		10	80	0e	10		02	02	02	ff		20
0		01	01	02	03	00	00	00	00	00	00		10	80	0e	11		02	02	02	ff		20
1		01	01	02	03	00	00	00	00	00	00		10	80	0e	11		02	02	02	ff		20
0		01	01	02	03	00	00	00	00	00	00		b5	80	0f	12		02	02	02	ff		20
1		01	01	02	03	00	00	00	00	00	00		b5	80	0f	12		02	02	02	ff		20
0		01	01	02	03	00	00	00	00	00	00		b5	80	0f	19		02	02	02	ff		20
1		01	01	02	03	00	00	00	00	00	00		b5	80	0f	19		02	02	02	ff		20
0		01	01	02	03	00	00	00	00	00	00		b5	80	10	1a		02	02	02	ff		20
1		01	01	02	03	00	00	00	00	00	00		b5	80	10	1a		02	02	02	ff		20
0		01	01	02	03	00	00	00	00	00	00		b5	80	10	1b		00	02	02	ff		20
1		01	01	02	03	00	00	00	00	00	00		b5	80	10	1b		00	02	02	ff		20
0		01	01	02	03	00	00	00	00	00	00		b5	80	10	1c		00	02	02	ff		20
1		01	01	02	03	00	00	00	00	00	00		b5	80	10	1c		00	02	02	ff		20
0		01	01	02	03	00	00	00	00	00	00		b5	80	10	56		02	02	02	ff		20
1		01	01	02	03	00	00	00	00	00	00		b5	80	10	56		02	02	02	ff		20
CLC
0		01	01	02	03	00	00	00	00	00	00		b5	80	10	10		02	02	02	ff		20
1		01	01	02	03	00	00	00	00	00	00		b5	80	10	10		02	02	02	ff		20
0		01	01	02	03	00	00	00	00	00	00		b5	80	10	11		02	02	02	ff		20
1		01	01	02	03	00	00	00	00	00	00		b5	80	10	11		02	02	02	ff		20
0		01	01	02	03	00	00	00	00	00	00		18	80	11	12		02	02	02	ff		20
1		01	01	02	03	00	00	00	00	00	00		18	80	11	12		02	02	02	ff		20
0		01	01	02	03	00	00	00	00	00	00		18	80	11	14		02	02	02	ff		20
1		01	01	02	03	00	00	00	00	00	00		18	80	11	14		02	02	02	ff		20
0		01	01	02	03	00	00	00	00	00	00		18	80	11	96		02	02	02	ff		20
1		01	01	02	03	00	00	00	00	00	00		18	80	11	96		02	02	02	ff		20
ADC $01,X
0		01	01	02	03	00	00	00	00	00	00		18	80	11	10		02	02	02	ff		20
1		01	01	02	03	00	00	00	00	00	00		18	80	11	10		02	02	02	ff		20
0		01	01	02	03	00	00	00	00	00	00		18	80	11	11		02	02	02	ff		20
1		01	01	02	03	00	00	00	00	00	00		18	80	11	11		02	02	02	ff		20
0		01	01	02	03	00	00	00	00	00	00		75	80	12	12		02	02	02	ff		20
1		01	01	02	03	00	00	00	00	00	00		75	80	12	12		02	02	02	ff		20
0		01	01	02	03	00	00	00	00	00	00		75	80	12	19		02	02	02	ff		20
1		01	01	02	03	00	00	00	00	00	00		75	80	12	19		02	02	02	ff		20
0		01	01	02	03	00	00	00	00	00	00		75	80	13	1a		02	02	02	ff		20
1		01	01	02	03	00	00	00	00	00	00		75	80	13	1a		02	02	02	ff		20
0		01	01	02	03	00	00	00	00	00	00		75	80	13	1b		01	02	02	ff		20
1		01	01	02	03	00	00	00	00	00	00		75	80	13	1b		01	02	02	ff		20
0		01	01	02	03	00	00	00	00	00	00		75	80	13	1c		01	02	02	ff		20
1		01	01	02	03	00	00	00	00	00	00		75	80	13	1c		01	02	02	ff		20
0		01	01	02	03	00	00	00	00	00	00		75	80	13	53		02	02	02	ff		20
1		01	01	02	03	00	00	00	00	00	00		75	80	13	53		02	02	02	ff		20
STA $02,X
0		01	01	02	03	00	00	00	00	00	00		75	80	13	10		05	02	02	ff		20
1		01	01	02	03	00	00	00	00	00	00		75	80	13	10		05	02	02	ff		20
0		01	01	02	03	00	00	00	00	00	00		75	80	13	11		05	02	02	ff		20
1		01	01	02	03	00	00	00	00	00	00		75	80	13	11		05	02	02	ff		20
0		01	01	02	03	00	00	00	00	00	00		95	80	14	12		05	02	02	ff		20
1		01	01	02	03	00	00	00	00	00	00		95	80	14	12		05	02	02	ff		20
0		01	01	02	03	00	00	00	00	00	00		95	80	14	19		05	02	02	ff		20
1		01	01	02	03	00	00	00	00	00	00		95	80	14	19		05	02	02	ff		20
0		01	01	02	03	00	00	00	00	00	00		95	80	15	1a		05	02	02	ff		20
1		01	01	02	03	00	00	00	00	00	00		95	80	15	1a		05	02	02	ff		20
0		01	01	02	03	00	00	00	00	00	00		95	80	15	1b		02	02	02	ff		20
1		01	01	02	03	00	00	00	00	00	00		95	80	15	1b		02	02	02	ff		20
0		01	01	02	03	00	00	00	00	00	00		95	80	15	1c		02	02	02	ff		20
1		01	01	02	03	00	00	00	00	00	00		95	80	15	1c		02	02	02	ff		20
0		01	01	02	03	00	00	00	00	00	00		95	80	15	54		05	02	02	ff		20
1		01	01	02	03	00	00	00	00	00	00		95	80	15	54		05	02	02	ff		20
0		01	01	02	03	00	00	00	00	00	00		95	80	15	55		05	02	02	ff		20
1		01	01	02	03	05	00	00	00	00	00		95	80	15	55		05	02	02	ff		20
INX
0		01	01	02	03	05	00	00	00	00	00		95	80	15	10		05	02	02	ff		20
1		01	01	02	03	05	00	00	00	00	00		95	80	15	10		05	02	02	ff		20
0		01	01	02	03	05	00	00	00	00	00		95	80	15	11		05	02	02	ff		20
1		01	01	02	03	05	00	00	00	00	00		95	80	15	11		05	02	02	ff		20
0		01	01	02	03	05	00	00	00	00	00		e8	80	16	12		05	02	02	ff		20
1		01	01	02	03	05	00	00	00	00	00		e8	80	16	12		05	02	02	ff		20
0		01	01	02	03	05	00	00	00	00	00		e8	80	16	14		05	02	02	ff		20
1		01	01	02	03	05	00	00	00	00	00		e8	80	16	14		05	02	02	ff		20
0		01	01	02	03	05	00	00	00	00	00		e8	80	16	7a		05	02	02	ff		20
1		01	01	02	03	05	00	00	00	00	00		e8	80	16	7a		05	02	02	ff		20
DEY
0		01	01	02	03	05	00	00	00	00	00		e8	80	16	10		05	03	02	ff		20
1		01	01	02	03	05	00	00	00	00	00		e8	80	16	10		05	03	02	ff		20
0		01	01	02	03	05	00	00	00	00	00		e8	80	16	11		05	03	02	ff		20
1		01	01	02	03	05	00	00	00	00	00		e8	80	16	11		05	03	02	ff		20
0		01	01	02	03	05	00	00	00	00	00		88	80	17	12		05	03	02	ff		20
1		01	01	02	03	05	00	00	00	00	00		88	80	17	12		05	03	02	ff		20
0		01	01	02	03	05	00	00	00	00	00		88	80	17	14		05	03	02	ff		20
1		01	01	02	03	05	00	00	00	00	00		88	80	17	14		05	03	02	ff		20
0		01	01	02	03	05	00	00	00	00	00		88	80	17	87		05	03	02	ff		20
1		01	01	02	03	05	00	00	00	00	00		88	80	17	87		05	03	02	ff		20
TYA
0		01	01	02	03	05	00	00	00	00	00		88	80	17	10		05	03	01	ff		20
1		01	01	02	03	05	00	00	00	00	00		88	80	17	10		05	03	01	ff		20
0		01	01	02	03	05	00	00	00	00	00		88	80	17	11		05	03	01	ff		20
1		01	01	02	03	05	00	00	00	00	00		88	80	17	11		05	03	01	ff		20
0		01	01	02	03	05	00	00	00	00	00		98	80	18	12		05	03	01	ff		20
1		01	01	02	03	05	00	00	00	00	00		98	80	18	12		05	03	01	ff		20
0		01	01	02	03	05	00	00	00	00	00		98	80	18	14		05	03	01	ff		20
1		01	01	02	03	05	00	00	00	00	00		98	80	18	14		05	03	01	ff		20
0		01	01	02	03	05	00	00	00	00	00		98	80	18	88		05	03	01	ff		20
1		01	01	02	03	05	00	00	00	00	00		98	80	18	88		05	03	01	ff		20
BPL $800e
0		01	01	02	03	05	00	00	00	00	00		98	80	18	10		01	03	01	ff		20
1		01	01	02	03	05	00	00	00	00	00		98	80	18	10		01	03	01	ff		20
0		01	01	02	03	05	00	00	00	00	00		98	80	18	11		01	03	01	ff		20
1		01	01	02	03	05	00	00	00	00	00		98	80	18	11		01	03	01	ff		20
0		01	01	02	03	05	00	00	00	00	00		10	80	19	12		01	03	01	ff		20
1		01	01	02	03	05	00	00	00	00	00		10	80	19	12		01	03	01	ff		20
0		01	01	02	03	05	00	00	00	00	00		10	80	19	21		01	03	01	ff		20
1		01	01	02	03	05	00	00	00	00	00		10	80	19	21		01	03	01	ff		20
0		01	01	02	03	05	00	00	00	00	00		10	80	1a	22		01	03	01	ff		20
1		01	01	02	03	05	00	00	00	00	00		10	80	1a	22		01	03	01	ff		20
0		01	01	02	03	05	00	00	00	00	00		10	80	1a	23		1a	03	01	ff		20
1		01	01	02	03	05	00	00	00	00	00		10	80	1a	23		1a	03	01	ff		20
0		01	01	02	03	05	00	00	00	00	00		10	80	0e	24		1a	03	01	ff		20
1		01	01	02	03	05	00	00	00	00	00		10	80	0e	24		1a	03	01	ff		20
LDA $00,X
0		01	01	02	03	05	00	00	00	00	00		10	80	0e	10		01	03	01	ff		20
1		01	01	02	03	05	00	00	00	00	00		10	80	0e	10		01	03	01	ff		20
0		01	01	02	03	05	00	00	00	00	00		10	80	0e	11		01	03	01	ff		20
1		01	01	02	03	05	00	00	00	00	00		10	80	0e	11		01	03	01	ff		20
0		01	01	02	03	05	00	00	00	00	00		b5	80	0f	12		01	03	01	ff		20
1		01	01	02	03	05	00	00	00	00	00		b5	80	0f	12		01	03	01	ff		20
0		01	01	02	03	05	00	00	00	00	00		b5	80	0f	19		01	03	01	ff		20
1		01	01	02	03	05	00	00	00	00	00		b5	80	0f	19		01	03	01	ff		20
0		01	01	02	03	05	00	00	00	00	00		b5	80	10	1a		01	03	01	ff		20
1		01	01	02	03	05	00	00	00	00	00		b5	80	10	1a		01	03	01	ff		20
0		01	01	02	03	05	00	00	00	00	00		b5	80	10	1b		00	03	01	ff		20
1		01	01	02	03	05	00	00	00	00	00		b5	80	10	1b		00	03	01	ff		20
0		01	01	02	03	05	00	00	00	00	00		b5	80	10	1c		00	03	01	ff		20
1		01	01	02	03	05	00	00	00	00	00		b5	80	10	1c		00	03	01	ff		20
0		01	01	02	03	05	00	00	00	00	00		b5	80	10	56		01	03	01	ff		20
1		01	01	02	03	05	00	00	00	00	00		b5	80	10	56		01	03	01	ff		20
CLC
0		01	01	02	03	05	00	00	00	00	00		b5	80	10	10		03	03	01	ff		20
1		01	01	02	03	05	00	00	00	00	00		b5	80	10	10		03	03	01	ff		20
0		01	01	02	03	05	00	00	00	00	00		b5	80	10	11		03	03	01	ff		20
1		01	01	02	03	05	00	00	00	00	00		b5	80	10	11		03	03	01	ff		20
0		01	01	02	03	05	00	00	00	00	00		18	80	11	12		03	03	01	ff		20
1		01	01	02	03	05	00	00	00	00	00		18	80	11	12		03	03	01	ff		20
0		01	01	02	03	05	00	00	00	00	00		18	80	11	14		03	03	01	ff		20
1		01	01	02	03	05	00	00	00	00	00		18	80	11	14		03	03	01	ff		20
0		01	01	02	03	05	00	00	00	00	00		18	80	11	96		03	03	01	ff		20
1		01	01	02	03	05	00	00	00	00	00		18	80	11	96		03	03	01	ff		20
ADC $01,X
0		01	01	02	03	05	00	00	00	00	00		18	80	11	10		03	03	01	ff		20
1		01	01	02	03	05	00	00	00	00	00		18	80	11	10		03	03	01	ff		20
0		01	01	02	03	05	00	00	00	00	00		18	80	11	11		03	03	01	ff		20
1		01	01	02	03	05	00	00	00	00	00		18	80	11	11		03	03	01	ff		20
0		01	01	02	03	05	00	00	00	00	00		75	80	12	12		03	03	01	ff		20
1		01	01	02	03	05	00	00	00	00	00		75	80	12	12		03	03	01	ff		20
0		01	01	02	03	05	00	00	00	00	00		75	80	12	19		03	03	01	ff		20
1		01	01	02	03	05	00	00	00	00	00		75	80	12	19		03	03	01	ff		20
0		01	01	02	03	05	00	00	00	00	00		75	80	13	1a		03	03	01	ff		20
1		01	01	02	03	05	00	00	00	00	00		75	80	13	1a		03	03	01	ff		20
0		01	01	02	03	05	00	00	00	00	00		75	80	13	1b		01	03	01	ff		20
1		01	01	02	03	05	00	00	00	00	00		75	80	13	1b		01	03	01	ff		20
0		01	01	02	03	05	00	00	00	00	00		75	80	13	1c		01	03	01	ff		20
1		01	01	02	03	05	00	00	00	00	00		75	80	13	1c		01	03	01	ff		20
0		01	01	02	03	05	00	00	00	00	00		75	80	13	53		03	03	01	ff		20
1		01	01	02	03	05	00	00	00	00	00		75	80	13	53		03	03	01	ff		20
STA $02,X
0		01	01	02	03	05	00	00	00	00	00		75	80	13	10		08	03	01	ff		20
1		01	01	02	03	05	00	00	00	00	00		75	80	13	10		08	03	01	ff		20
0		01	01	02	03	05	00	00	00	00	00		75	80	13	11		08	03	01	ff		20
1		01	01	02	03	05	00	00	00	00	00		75	80	13	11		08	03	01	ff		20
0		01	01	02	03	05	00	00	00	00	00		95	80	14	12		08	03	01	ff		20
1		01	01	02	03	05	00	00	00	00	00		95	80	14	12		08	03	01	ff		20
0		01	01	02	03	05	00	00	00	00	00		95	80	14	19		08	03	01	ff		20
1		01	01	02	03	05	00	00	00	00	00		95	80	14	19		08	03	01	ff		20
0		01	01	02	03	05	00	00	00	00	00		95	80	15	1a		08	03	01	ff		20
1		01	01	02	03	05	00	00	00	00	00		95	80	15	1a		08	03	01	ff		20
0		01	01	02	03	05	00	00	00	00	00		95	80	15	1b		02	03	01	ff		20
1		01	01	02	03	05	00	00	00	00	00		95	80	15	1b		02	03	01	ff		20
0		01	01	02	03	05	00	00	00	00	00		95	80	15	1c		02	03	01	ff		20
1		01	01	02	03	05	00	00	00	00	00		95	80	15	1c		02	03	01	ff		20
0		01	01	02	03	05	00	00	00	00	00		95	80	15	54		08	03	01	ff		20
1		01	01	02	03	05	00	00	00	00	00		95	80	15	54		08	03	01	ff		20
0		01	01	02	03	05	00	00	00	00	00		95	80	15	55		08	03	01	ff		20
1		01	01	02	03	05	08	00	00	00	00		95	80	15	55		08	03	01	ff		20
INX
0		01	01	02	03	05	08	00	00	00	00		95	80	15	10		08	03	01	ff		20
1		01	01	02	03	05	08	00	00	00	00		95	80	15	10		08	03	01	ff		20
0		01	01	02	03	05	08	00	00	00	00		95	80	15	11		08	03	01	ff		20
1		01	01	02	03	05	08	00	00	00	00		95	80	15	11		08	03	01	ff		20
0		01	01	02	03	05	08	00	00	00	00		e8	80	16	12		08	03	01	ff		20
1		01	01	02	03	05	08	00	00	00	00		e8	80	16	12		08	03	01	ff		20
0		01	01	02	03	05	08	00	00	00	00		e8	80	16	14		08	03	01	ff		20
1		01	01	02	03	05	08	00	00	00	00		e8	80	16	14		08	03	01	ff		20
0		01	01	02	03	05	08	00	00	00	00		e8	80	16	7a		08	03	01	ff		20
1		01	01	02	03	05	08	00	00	00	00		e8	80	16	7a		08	03	01	ff		20
DEY
0		01	01	02	03	05	08	00	00	00	00		e8	80	16	10		08	04	01	ff		20
1		01	01	02	03	05	08	00	00	00	00		e8	80	16	10		08	04	01	ff		20
0		01	01	02	03	05	08	00	00	00	00		e8	80	16	11		08	04	01	ff		20
1		01	01	02	03	05	08	00	00	00	00		e8	80	16	11		08	04	01	ff		20
0		01	01	02	03	05	08	00	00	00	00		88	80	17	12		08	04	01	ff		20
1		01	01	02	03	05	08	00	00	00	00		88	80	17	12		08	04	01	ff		20
0		01	01	02	03	05	08	00	00	00	00		88	80	17	14		08	04	01	ff		20
1		01	01	02	03	05	08	00	00	00	00		88	80	17	14		08	04	01	ff		20
0		01	01	02	03	05	08	00	00	00	00		88	80	17	87		08	04	01	ff		20
1		01	01	02	03	05	08	00	00	00	00		88	80	17	87		08	04	01	ff		20
TYA
0		01	01	02	03	05	08	00	00	00	00		88	80	17	10		08	04	00	ff		22
1		01	01	02	03	05	08	00	00	00	00		88	80	17	10		08	04	00	ff		22
0		01	01	02	03	05	08	00	00	00	00		88	80	17	11		08	04	00	ff		22
1		01	01	02	03	05	08	00	00	00	00		88	80	17	11		08	04	00	ff		22
0		01	01	02	03	05	08	00	00	00	00		98	80	18	12		08	04	00	ff		22
1		01	01	02	03	05	08	00	00	00	00		98	80	18	12		08	04	00	ff		22
0		01	01	02	03	05	08	00	00	00	00		98	80	18	14		08	04	00	ff		22
1		01	01	02	03	05	08	00	00	00	00		98	80	18	14		08	04	00	ff		22
0		01	01	02	03	05	08	00	00	00	00		98	80	18	88		08	04	00	ff		22
1		01	01	02	03	05	08	00	00	00	00		98	80	18	88		08	04	00	ff		22
BPL $800e
0		01	01	02	03	05	08	00	00	00	00		98	80	18	10		00	04	00	ff		22
1		01	01	02	03	05	08	00	00	00	00		98	80	18	10		00	04	00	ff		22
0		01	01	02	03	05	08	00	00	00	00		98	80	18	11		00	04	00	ff		22
1		01	01	02	03	05	08	00	00	00	00		98	80	18	11		00	04	00	ff		22
0		01	01	02	03	05	08	00	00	00	00		10	80	19	12		00	04	00	ff		22
1		01	01	02	03	05	08	00	00	00	00		10	80	19	12		00	04	00	ff		22
0		01	01	02	03	05	08	00	00	00	00		10	80	19	21		00	04	00	ff		22
1		01	01	02	03	05	08	00	00	00	00		10	80	19	21		00	04	00	ff		22
0		01	01	02	03	05	08	00	00	00	00		10	80	1a	22		00	04	00	ff		22
1		01	01	02	03	05	08	00	00	00	00		10	80	1a	22		00	04	00	ff		22
0		01	01	02	03	05	08	00	00	00	00		10	80	1a	23		1a	04	00	ff		22
1		01	01	02	03	05	08	00	00	00	00		10	80	1a	23		1a	04	00	ff		22
0		01	01	02	03	05	08	00	00	00	00		10	80	0e	24		1a	04	00	ff		22
1		01	01	02	03	05	08	00	00	00	00		10	80	0e	24		1a	04	00	ff		22
LDA $00,X
0		01	01	02	03	05	08	00	00	00	00		10	80	0e	10		00	04	00	ff		22
1		01	01	02	03	05	08	00	00	00	00		10	80	0e	10		00	04	00	ff		22
0		01	01	02	03	05	08	00	00	00	00		10	80	0e	11		00	04	00	ff		22
1		01	01	02	03	05	08	00	00	00	00		10	80	0e	11		00	04	00	ff		22
0		01	01	02	03	05	08	00	00	00	00		b5	80	0f	12		00	04	00	ff		22
1		01	01	02	03	05	08	00	00	00	00		b5	80	0f	12		00	04	00	ff		22
0		01	01	02	03	05	08	00	00	00	00		b5	80	0f	19		00	04	00	ff		22
1		01	01	02	03	05	08	00	00	00	00		b5	80	0f	19		00	04	00	ff		22
0		01	01	02	03	05	08	00	00	00	00		b5	80	10	1a		00	04	00	ff		22
1		01	01	02	03	05	08	00	00	00	00		b5	80	10	1a		00	04	00	ff		22
0		01	01	02	03	05	08	00	00	00	00		b5	80	10	1b		00	04	00	ff		22
1		01	01	02	03	05	08	00	00	00	00		b5	80	10	1b		00	04	00	ff		22
0		01	01	02	03	05	08	00	00	00	00		b5	80	10	1c		00	04	00	ff		22
1		01	01	02	03	05	08	00	00	00	00		b5	80	10	1c		00	04	00	ff		22
0		01	01	02	03	05	08	00	00	00	00		b5	80	10	56		00	04	00	ff		22
1		01	01	02	03	05	08	00	00	00	00		b5	80	10	56		00	04	00	ff		22
CLC
0		01	01	02	03	05	08	00	00	00	00		b5	80	10	10		05	04	00	ff		20
1		01	01	02	03	05	08	00	00	00	00		b5	80	10	10		05	04	00	ff		20
0		01	01	02	03	05	08	00	00	00	00		b5	80	10	11		05	04	00	ff		20
1		01	01	02	03	05	08	00	00	00	00		b5	80	10	11		05	04	00	ff		20
0		01	01	02	03	05	08	00	00	00	00		18	80	11	12		05	04	00	ff		20
1		01	01	02	03	05	08	00	00	00	00		18	80	11	12		05	04	00	ff		20
0		01	01	02	03	05	08	00	00	00	00		18	80	11	14		05	04	00	ff		20
1		01	01	02	03	05	08	00	00	00	00		18	80	11	14		05	04	00	ff		20
0		01	01	02	03	05	08	00	00	00	00		18	80	11	96		05	04	00	ff		20
1		01	01	02	03	05	08	00	00	00	00		18	80	11	96		05	04	00	ff		20
ADC $01,X
0		01	01	02	03	05	08	00	00	00	00		18	80	11	10		05	04	00	ff		20
1		01	01	02	03	05	08	00	00	00	00		18	80	11	10		05	04	00	ff		20
0		01	01	02	03	05	08	00	00	00	00		18	80	11	11		05	04	00	ff		20
1		01	01	02	03	05	08	00	00	00	00		18	80	11	11		05	04	00	ff		20
0		01	01	02	03	05	08	00	00	00	00		75	80	12	12		05	04	00	ff		20
1		01	01	02	03	05	08	00	00	00	00		75	80	12	12		05	04	00	ff		20
0		01	01	02	03	05	08	00	00	00	00		75	80	12	19		05	04	00	ff		20
1		01	01	02	03	05	08	00	00	00	00		75	80	12	19		05	04	00	ff		20
0		01	01	02	03	05	08	00	00	00	00		75	80	13	1a		05	04	00	ff		20
1		01	01	02	03	05	08	00	00	00	00		75	80	13	1a		05	04	00	ff		20
0		01	01	02	03	05	08	00	00	00	00		75	80	13	1b		01	04	00	ff		20
1		01	01	02	03	05	08	00	00	00	00		75	80	13	1b		01	04	00	ff		20
0		01	01	02	03	05	08	00	00	00	00		75	80	13	1c		01	04	00	ff		20
1		01	01	02	03	05	08	00	00	00	00		75	80	13	1c		01	04	00	ff		20
0		01	01	02	03	05	08	00	00	00	00		75	80	13	53		05	04	00	ff		20
1		01	01	02	03	05	08	00	00	00	00		75	80	13	53		05	04	00	ff		20
STA $02,X
0		01	01	02	03	05	08	00	00	00	00		75	80	13	10		0d	04	00	ff		20
1		01	01	02	03	05	08	00	00	00	00		75	80	13	10		0d	04	00	ff		20
0		01	01	02	03	05	08	00	00	00	00		75	80	13	11		0d	04	00	ff		20
1		01	01	02	03	05	08	00	00	00	00		75	80	13	11		0d	04	00	ff		20
0		01	01	02	03	05	08	00	00	00	00		95	80	14	12		0d	04	00	ff		20
1		01	01	02	03	05	08	00	00	00	00		95	80	14	12		0d	04	00	ff		20
0		01	01	02	03	05	08	00	00	00	00		95	80	14	19		0d	04	00	ff		20
1		01	01	02	03	05	08	00	00	00	00		95	80	14	19		0d	04	00	ff		20
0		01	01	02	03	05	08	00	00	00	00		95	80	15	1a		0d	04	00	ff		20
1		01	01	02	03	05	08	00	00	00	00		95	80	15	1a		0d	04	00	ff		20
0		01	01	02	03	05	08	00	00	00	00		95	80	15	1b		02	04	00	ff		20
1		01	01	02	03	05	08	00	00	00	00		95	80	15	1b		02	04	00	ff		20
0		01	01	02	03	05	08	00	00	00	00		95	80	15	1c		02	04	00	ff		20
1		01	01	02	03	05	08	00	00	00	00		95	80	15	1c		02	04	00	ff		20
0		01	01	02	03	05	08	00	00	00	00		95	80	15	54		0d	04	00	ff		20
1		01	01	02	03	05	08	00	00	00	00		95	80	15	54		0d	04	00	ff		20
0		01	01	02	03	05	08	00	00	00	00		95	80	15	55		0d	04	00	ff		20
1		01	01	02	03	05	08	0d	00	00	00		95	80	15	55		0d	04	00	ff		20
INX
0		01	01	02	03	05	08	0d	00	00	00		95	80	15	10		0d	04	00	ff		20
1		01	01	02	03	05	08	0d	00	00	00		95	80	15	10		0d	04	00	ff		20
0		01	01	02	03	05	08	0d	00	00	00		95	80	15	11		0d	04	00	ff		20
1		01	01	02	03	05	08	0d	00	00	00		95	80	15	11		0d	04	00	ff		20
0		01	01	02	03	05	08	0d	00	00	00		e8	80	16	12		0d	04	00	ff		20
1		01	01	02	03	05	08	0d	00	00	00		e8	80	16	12		0d	04	00	ff		20
0		01	01	02	03	05	08	0d	00	00	00		e8	80	16	14		0d	04	00	ff		20
1		01	01	02	03	05	08	0d	00	00	00		e8	80	16	14		0d	04	00	ff		20
0		01	01	02	03	05	08	0d	00	00	00		e8	80	16	7a		0d	04	00	ff		20
1		01	01	02	03	05	08	0d	00	00	00		e8	80	16	7a		0d	04	00	ff		20
DEY
0		01	01	02	03	05	08	0d	00	00	00		e8	80	16	10		0d	05	00	ff		20
1		01	01	02	03	05	08	0d	00	00	00		e8	80	16	10		0d	05	00	ff		20
0		01	01	02	03	05	08	0d	00	00	00		e8	80	16	11		0d	05	00	ff		20
1		01	01	02	03	05	08	0d	00	00	00		e8	80	16	11		0d	05	00	ff		20
0		01	01	02	03	05	08	0d	00	00	00		88	80	17	12		0d	05	00	ff		20
1		01	01	02	03	05	08	0d	00	00	00		88	80	17	12		0d	05	00	ff		20
0		01	01	02	03	05	08	0d	00	00	00		88	80	17	14		0d	05	00	ff		20
1		01	01	02	03	05	08	0d	00	00	00		88	80	17	14		0d	05	00	ff		20
0		01	01	02	03	05	08	0d	00	00	00		88	80	17	87		0d	05	00	ff		20
1		01	01	02	03	05	08	0d	00	00	00		88	80	17	87		0d	05	00	ff		20
TYA
0		01	01	02	03	05	08	0d	00	00	00		88	80	17	10		0d	05	ff	ff		a0
1		01	01	02	03	05	08	0d	00	00	00		88	80	17	10		0d	05	ff	ff		a0
0		01	01	02	03	05	08	0d	00	00	00		88	80	17	11		0d	05	ff	ff		a0
1		01	01	02	03	05	08	0d	00	00	00		88	80	17	11		0d	05	ff	ff		a0
0		01	01	02	03	05	08	0d	00	00	00		98	80	18	12		0d	05	ff	ff		a0
1		01	01	02	03	05	08	0d	00	00	00		98	80	18	12		0d	05	ff	ff		a0
0		01	01	02	03	05	08	0d	00	00	00		98	80	18	14		0d	05	ff	ff		a0
1		01	01	02	03	05	08	0d	00	00	00		98	80	18	14		0d	05	ff	ff		a0
0		01	01	02	03	05	08	0d	00	00	00		98	80	18	88		0d	05	ff	ff		a0
1		01	01	02	03	05	08	0d	00	00	00		98	80	18	88		0d	05	ff	ff		a0
BPL $800e
0		01	01	02	03	05	08	0d	00	00	00		98	80	18	10		ff	05	ff	ff		a0
1		01	01	02	03	05	08	0d	00	00	00		98	80	18	10		ff	05	ff	ff		a0
0		01	01	02	03	05	08	0d	00	00	00		98	80	18	11		ff	05	ff	ff		a0
1		01	01	02	03	05	08	0d	00	00	00		98	80	18	11		ff	05	ff	ff		a0
0		01	01	02	03	05	08	0d	00	00	00		10	80	19	12		ff	05	ff	ff		a0
1		01	01	02	03	05	08	0d	00	00	00		10	80	19	12		ff	05	ff	ff		a0
0		01	01	02	03	05	08	0d	00	00	00		10	80	19	21		ff	05	ff	ff		a0
1		01	01	02	03	05	08	0d	00	00	00		10	80	19	21		ff	05	ff	ff		a0
0		01	01	02	03	05	08	0d	00	00	00		10	80	1a	22		ff	05	ff	ff		a0
1		01	01	02	03	05	08	0d	00	00	00		10	80	1a	22		ff	05	ff	ff		a0
0		01	01	02	03	05	08	0d	00	00	00		10	80	1a	23		1a	05	ff	ff		a0
1		01	01	02	03	05	08	0d	00	00	00		10	80	1a	23		1a	05	ff	ff		a0
0		01	01	02	03	05	08	0d	00	00	00		10	80	1a	24		1a	05	ff	ff		a0
1		01	01	02	03	05	08	0d	00	00	00		10	80	1a	24		1a	05	ff	ff		a0
JMP $801a
0		01	01	02	03	05	08	0d	00	00	00		10	80	1a	10		ff	05	ff	ff		a0
1		01	01	02	03	05	08	0d	00	00	00		10	80	1a	10		ff	05	ff	ff		a0
0		01	01	02	03	05	08	0d	00	00	00		10	80	1a	11		ff	05	ff	ff		a0
1		01	01	02	03	05	08	0d	00	00	00		10	80	1a	11		ff	05	ff	ff		a0
0		01	01	02	03	05	08	0d	00	00	00		4c	80	1b	12		ff	05	ff	ff		a0
1		01	01	02	03	05	08	0d	00	00	00		4c	80	1b	12		ff	05	ff	ff		a0
0		01	01	02	03	05	08	0d	00	00	00		4c	80	1b	14		ff	05	ff	ff		a0
1		01	01	02	03	05	08	0d	00	00	00		4c	80	1b	14		ff	05	ff	ff		a0
0		01	01	02	03	05	08	0d	00	00	00		4c	80	1b	8f		ff	05	ff	ff		a0
1		01	01	02	03	05	08	0d	00	00	00		4c	80	1b	8f		ff	05	ff	ff		a0
0		01	01	02	03	05	08	0d	00	00	00		4c	80	1c	90		ff	05	ff	ff		a0
1		01	01	02	03	05	08	0d	00	00	00		4c	80	1c	90		ff	05	ff	ff		a0
0		01	01	02	03	05	08	0d	00	00	00		4c	80	1c	91		ff	05	ff	ff		a0
1		01	01	02	03	05	08	0d	00	00	00		4c	80	1c	91		ff	05	ff	ff		a0
0		01	01	02	03	05	08	0d	00	00	00		4c	80	1c	92		ff	05	ff	ff		a0
1		01	01	02	03	05	08	0d	00	00	00		4c	80	1c	92		ff	05	ff	ff		a0
0		01	01	02	03	05	08	0d	00	00	00		4c	80	1a	93		ff	05	ff	ff		a0
1		01	01	02	03	05	08	0d	00	00	00		4c	80	1a	93		ff	05	ff	ff		a0
JMP $801a
0		01	01	02	03	05	08	0d	00	00	00		4c	80	1a	10		ff	05	ff	ff		a0
1		01	01	02	03	05	08	0d	00	00	00		4c	80	1a	10		ff	05	ff	ff		a0
0		01	01	02	03	05	08	0d	00	00	00		4c	80	1a	11		ff	05	ff	ff		a0
1		01	01	02	03	05	08	0d	00	00	00		4c	80	1a	11		ff	05	ff	ff		a0
0		01	01	02	03	05	08	0d	00	00	00		4c	80	1b	12		ff	05	ff	ff		a0
1		01	01	02	03	05	08	0d	00	00	00		4c	80	1b	12		ff	05	ff	ff		a0
0		01	01	02	03	05	08	0d	00	00	00		4c	80	1b	14		ff	05	ff	ff		a0
1		01	01	02	03	05	08	0d	00	00	00		4c	80	1b	14		ff	05	ff	ff		a0
0		01	01	02	03	05	08	0d	00	00	00		4c	80	1b	8f		ff	05	ff	ff		a0
1		01	01	02	03	05	08	0d	00	00	00		4c	80	1b	8f		ff	05	ff	ff		a0
0		01	01	02	03	05	08	0d	00	00	00		4c	80	1c	90		ff	05	ff	ff		a0
1		01	01	02	03	05	08	0d	00	00	00		4c	80	1c	90		ff	05	ff	ff		a0
0		01	01	02	03	05	08	0d	00	00	00		4c	80	1c	91		ff	05	ff	ff		a0
1		01	01	02	03	05	08	0d	00	00	00		4c	80	1c	91		ff	05	ff	ff		a0
0		01	01	02	03	05	08	0d	00	00	00		4c	80	1c	92		ff	05	ff	ff		a0
1		01	01	02	03	05	08	0d	00	00	00		4c	80	1c	92		ff	05	ff	ff		a0
0		01	01	02	03	05	08	0d	00	00	00		4c	80	1a	93		ff	05	ff	ff		a0
1		01	01	02	03	05	08	0d	00	00	00		4c	80	1a	93		ff	05	ff	ff		a0
